<?xml version="1.0" encoding="UTF-8"?>
<testsuite xmlns:xsi="http://www.w3.org/2001/XMLSchema-instance" xsi:noNamespaceSchemaLocation="https://maven.apache.org/surefire/maven-surefire-plugin/xsd/surefire-test-report.xsd" version="3.0.2" name="com.scamcheck.DomainSimilarityServiceTest" time="0.032" tests="4" errors="0" skipped="0" failures="0">
  <properties>
[...]
</properties>
  <testcase name="testExampleDomainClean" classname="com.scamcheck.DomainSimilarityServiceTest" time="0.008"/>
  <testcase name="testAuthenticPaypalDomainClean" classname="com.scamcheck.DomainSimilarityServiceTest" time="0.004"/>
  <testcase name="testPaypa1LoginFlaggedAsTyposquatting" classname="com.scamcheck.DomainSimilarityServiceTest" time="0.006"/>
  <testcase name="testLeetspeakNormalization" classname="com.scamcheck.DomainSimilarityServiceTest" time="0.003"/>
</testsuite>